<?xml version="1.0" encoding="UTF-8"?>
<!-- Generated by org.testng.reporters.JUnitReportReporter -->
<testsuite hostname="DESKTOP-IDI82HQ" failures="0" tests="1" name="jsonSchemaValidation.LMSAPI" time="2.736" errors="0" timestamp="2022-02-15T11:37:38 CST" skipped="0">
  <testcase classname="jsonSchemaValidation.LMSAPI" name="Get_allPrograms" time="2.736"/>
  <system-out/>
</testsuite> <!-- jsonSchemaValidation.LMSAPI -->
