<?xml version="1.0" encoding="UTF-8"?>
<!-- Generated by org.testng.reporters.JUnitReportReporter -->
<testsuite hostname="DESKTOP-IDI82HQ" failures="0" tests="3" name="lms_API_Test_CRUDmethods.DELETERequest" time="3.505" errors="0" timestamp="2022-02-22T13:59:32 CST" skipped="0">
  <testcase classname="lms_API_Test_CRUDmethods.DELETERequest" name="DeleteId" time="1.033"/>
  <system-out/>
  <testcase classname="lms_API_Test_CRUDmethods.DELETERequest" name="DeleteId" time="1.321"/>
  <system-out/>
  <testcase classname="lms_API_Test_CRUDmethods.DELETERequest" name="DeleteId" time="1.151"/>
  <system-out/>
</testsuite> <!-- lms_API_Test_CRUDmethods.DELETERequest -->
