<?xml version="1.0" encoding="UTF-8"?>
<!-- Generated by org.testng.reporters.JUnitReportReporter -->
<testsuite hostname="DESKTOP-IDI82HQ" failures="0" tests="1" name="Jobs_API_Test_DataDriven.puttest" time="1.803" errors="0" timestamp="2022-01-24T14:18:05 CST" skipped="0">
  <testcase classname="Jobs_API_Test_DataDriven.puttest" name="JobsPOSTreq" time="1.803"/>
  <system-out/>
</testsuite> <!-- Jobs_API_Test_DataDriven.puttest -->
