<?xml version="1.0" encoding="UTF-8"?>
<!-- Generated by org.testng.reporters.JUnitReportReporter -->
<testsuite hostname="DESKTOP-IDI82HQ" failures="0" tests="4" name="lms_API_Test_CRUDmethods.POSTRequest" time="2.315" errors="0" timestamp="2022-02-22T13:59:32 CST" skipped="0">
  <testcase classname="lms_API_Test_CRUDmethods.POSTRequest" name="createProgram" time="0.581"/>
  <system-out/>
  <testcase classname="lms_API_Test_CRUDmethods.POSTRequest" name="createProgram" time="0.527"/>
  <system-out/>
  <testcase classname="lms_API_Test_CRUDmethods.POSTRequest" name="createProgram" time="0.512"/>
  <system-out/>
  <testcase classname="lms_API_Test_CRUDmethods.POSTRequest" name="createProgram" time="0.695"/>
  <system-out/>
</testsuite> <!-- lms_API_Test_CRUDmethods.POSTRequest -->
