<?xml version="1.0" encoding="UTF-8"?>
<!-- Generated by org.testng.reporters.JUnitReportReporter -->
<testsuite hostname="DESKTOP-IDI82HQ" failures="0" tests="6" name="lms_API_Test_CRUDmethods.GETRequest" time="4.103" errors="0" timestamp="2022-02-22T13:59:32 CST" skipped="0">
  <testcase classname="lms_API_Test_CRUDmethods.GETRequest" name="Get_allPrograms" time="1.413"/>
  <system-out/>
  <testcase classname="lms_API_Test_CRUDmethods.GETRequest" name="Get_programid" time="0.608"/>
  <system-out/>
  <testcase classname="lms_API_Test_CRUDmethods.GETRequest" name="Get_programid" time="0.514"/>
  <system-out/>
  <testcase classname="lms_API_Test_CRUDmethods.GETRequest" name="Get_programid" time="0.539"/>
  <system-out/>
  <testcase classname="lms_API_Test_CRUDmethods.GETRequest" name="Get_programid" time="0.499"/>
  <system-out/>
  <testcase classname="lms_API_Test_CRUDmethods.GETRequest" name="Get_programid" time="0.530"/>
  <system-out/>
</testsuite> <!-- lms_API_Test_CRUDmethods.GETRequest -->
