<?xml version="1.0" encoding="UTF-8"?>
<!-- Generated by org.testng.reporters.JUnitReportReporter -->
<testsuite hostname="DESKTOP-IDI82HQ" failures="0" tests="1" name="Jobs_API_Test_DataDriven.BaseClassSetup" time="1.134" errors="0" timestamp="2022-01-21T12:52:07 CST" skipped="0">
  <testcase classname="Jobs_API_Test_DataDriven.BaseClassSetup" name="loginSetup" time="1.134"/>
  <system-out/>
</testsuite> <!-- Jobs_API_Test_DataDriven.BaseClassSetup -->
