<?xml version="1.0" encoding="UTF-8"?>
<!-- Generated by org.testng.reporters.JUnitReportReporter -->
<testsuite hostname="DESKTOP-IDI82HQ" failures="0" tests="2" name="Jobs_API_Test_DataDriven.GETRequest" time="1.556" errors="0" timestamp="2022-01-29T00:28:42 CST" skipped="0">
  <testcase classname="Jobs_API_Test_DataDriven.GETRequest" name="getAllJobs" time="1.461"/>
  <system-out/>
  <testcase classname="Jobs_API_Test_DataDriven.GETRequest" name="Validate_GetRequest" time="0.095"/>
  <system-out/>
</testsuite> <!-- Jobs_API_Test_DataDriven.GETRequest -->
