<?xml version="1.0" encoding="UTF-8"?>
<!-- Generated by org.testng.reporters.JUnitReportReporter -->
<testsuite hostname="DESKTOP-IDI82HQ" failures="0" tests="4" name="LMS_API_Test_DataDriven.POSTRequest" time="4.621" errors="0" timestamp="2022-02-08T09:50:21 CST" skipped="0">
  <testcase classname="LMS_API_Test_DataDriven.POSTRequest" name="createProgram" time="0.588"/>
  <system-out/>
  <testcase classname="LMS_API_Test_DataDriven.POSTRequest" name="createProgram" time="0.775"/>
  <system-out/>
  <testcase classname="LMS_API_Test_DataDriven.POSTRequest" name="createProgram" time="0.592"/>
  <system-out/>
  <testcase classname="LMS_API_Test_DataDriven.POSTRequest" name="createProgram" time="2.666"/>
  <system-out/>
</testsuite> <!-- LMS_API_Test_DataDriven.POSTRequest -->
