<?xml version="1.0" encoding="UTF-8"?>
<!-- Generated by org.testng.reporters.JUnitReportReporter -->
<testsuite hostname="DESKTOP-IDI82HQ" failures="0" tests="2" name="Jobs_API_Test_DataDriven.POSTRequest" time="4.549" errors="0" timestamp="2022-01-29T23:08:29 CST" skipped="0">
  <testcase classname="Jobs_API_Test_DataDriven.POSTRequest" name="JobsPOSTreq" time="0.397"/>
  <system-out/>
  <testcase classname="Jobs_API_Test_DataDriven.POSTRequest" name="JobsPOSTreq" time="4.152"/>
  <system-out/>
</testsuite> <!-- Jobs_API_Test_DataDriven.POSTRequest -->
