<?xml version="1.0" encoding="UTF-8"?>
<!-- Generated by org.testng.reporters.JUnitReportReporter -->
<testsuite hostname="DESKTOP-IDI82HQ" failures="0" tests="2" name="Jobs_API_Test_DataDriven.PUTRequest" time="1.834" errors="0" timestamp="2022-01-29T00:09:57 CST" skipped="0">
  <testcase classname="Jobs_API_Test_DataDriven.PUTRequest" name="JobsPOSTreq" time="0.399"/>
  <system-out/>
  <testcase classname="Jobs_API_Test_DataDriven.PUTRequest" name="JobsPOSTreq" time="1.435"/>
  <system-out/>
</testsuite> <!-- Jobs_API_Test_DataDriven.PUTRequest -->
