<?xml version="1.0" encoding="UTF-8"?>
<!-- Generated by org.testng.reporters.JUnitReportReporter -->
<testsuite hostname="DESKTOP-IDI82HQ" failures="0" tests="6" name="LMS_API_Test_DataDriven.AuthenticationValidation" time="15.349" errors="0" timestamp="2022-01-31T12:09:04 CST" skipped="0">
  <testcase classname="LMS_API_Test_DataDriven.AuthenticationValidation" name="DefaultAuthentication" time="10.907"/>
  <system-out/>
  <testcase classname="LMS_API_Test_DataDriven.AuthenticationValidation" name="BasicAuthentication" time="1.771"/>
  <system-out/>
  <testcase classname="LMS_API_Test_DataDriven.AuthenticationValidation" name="BasicAuthentication" time="0.698"/>
  <system-out/>
  <testcase classname="LMS_API_Test_DataDriven.AuthenticationValidation" name="BasicAuthentication" time="0.596"/>
  <system-out/>
  <testcase classname="LMS_API_Test_DataDriven.AuthenticationValidation" name="BasicAuthentication" time="0.808"/>
  <system-out/>
  <testcase classname="LMS_API_Test_DataDriven.AuthenticationValidation" name="InvalidURL" time="0.569"/>
  <system-out/>
</testsuite> <!-- LMS_API_Test_DataDriven.AuthenticationValidation -->
