<?xml version="1.0" encoding="UTF-8"?>
<!-- Generated by org.testng.reporters.JUnitReportReporter -->
<testsuite hostname="DESKTOP-IDI82HQ" failures="0" tests="2" name="LMS_API_Test_DataDriven.GETRequestTest" time="2.289" errors="0" timestamp="2022-01-16T00:15:23 CST" skipped="1">
  <testcase classname="LMS_API_Test_DataDriven.GETRequestTest" name="DefaultAuthenticationTest" time="2.289"/>
  <system-out/>
  <testcase classname="LMS_API_Test_DataDriven.GETRequestTest" name="BasicAuthentication" time="0.000">
    <skipped/>
  </testcase> <!-- BasicAuthentication -->
  <system-out/>
</testsuite> <!-- LMS_API_Test_DataDriven.GETRequestTest -->
