<?xml version="1.0" encoding="UTF-8"?>
<!-- Generated by org.testng.reporters.JUnitReportReporter -->
<testsuite hostname="DESKTOP-IDI82HQ" failures="0" tests="1" name="JSONSchema.Jsonschemavalidation" time="8.694" errors="0" timestamp="2022-02-08T22:54:15 CST" skipped="0">
  <testcase classname="JSONSchema.Jsonschemavalidation" name="Get_allPrograms" time="8.694"/>
  <system-out/>
</testsuite> <!-- JSONSchema.Jsonschemavalidation -->
