<?xml version="1.0" encoding="UTF-8"?>
<!-- Generated by org.testng.reporters.JUnitReportReporter -->
<testsuite hostname="DESKTOP-IDI82HQ" failures="0" tests="2" name="Jobs_API_Test_DataDriven.PUTRequest" time="1.045" errors="0" timestamp="2022-02-08T09:58:10 CST" skipped="0">
  <testcase classname="Jobs_API_Test_DataDriven.PUTRequest" name="JobsPUTreq" time="0.463"/>
  <system-out/>
  <testcase classname="Jobs_API_Test_DataDriven.PUTRequest" name="JobsPUTreq" time="0.582"/>
  <system-out/>
</testsuite> <!-- Jobs_API_Test_DataDriven.PUTRequest -->
