<?xml version="1.0" encoding="UTF-8"?>
<!-- Generated by org.testng.reporters.JUnitReportReporter -->
<testsuite hostname="DESKTOP-IDI82HQ" failures="0" tests="2" name="Jobs_API_Test_DataDriven.GETRequest" time="8.182" errors="0" timestamp="2022-02-08T12:46:27 CST" skipped="0">
  <testcase classname="Jobs_API_Test_DataDriven.GETRequest" name="getAllJobs" time="7.950"/>
  <system-out/>
  <testcase classname="Jobs_API_Test_DataDriven.GETRequest" name="Validate_GetRequest" time="0.232"/>
  <system-out/>
</testsuite> <!-- Jobs_API_Test_DataDriven.GETRequest -->
