<?xml version="1.0" encoding="UTF-8"?>
<!-- Generated by org.testng.reporters.JUnitReportReporter -->
<testsuite hostname="DESKTOP-IDI82HQ" failures="0" tests="3" name="jobs_API_Test_CRUDmethods.GETRequest" time="10.559" errors="0" timestamp="2022-02-22T13:55:39 CST" skipped="0">
  <testcase classname="jobs_API_Test_CRUDmethods.GETRequest" name="getAllJobs" time="6.640"/>
  <system-out/>
  <testcase classname="jobs_API_Test_CRUDmethods.GETRequest" name="Validate_GetAllJobs" time="0.308"/>
  <system-out/>
  <testcase classname="jobs_API_Test_CRUDmethods.GETRequest" name="JsonSchemaValidation" time="3.611"/>
  <system-out/>
</testsuite> <!-- jobs_API_Test_CRUDmethods.GETRequest -->
