<?xml version="1.0" encoding="UTF-8"?>
<!-- Generated by org.testng.reporters.JUnitReportReporter -->
<testsuite hostname="DESKTOP-IDI82HQ" failures="0" tests="2" name="jobs_API_Test_CRUDmethods.PUTRequest" time="7.077" errors="0" timestamp="2022-02-22T13:58:31 CST" skipped="0">
  <testcase classname="jobs_API_Test_CRUDmethods.PUTRequest" name="JobsPUTreq" time="6.494"/>
  <system-out/>
  <testcase classname="jobs_API_Test_CRUDmethods.PUTRequest" name="JobsPUTreq" time="0.583"/>
  <system-out/>
</testsuite> <!-- jobs_API_Test_CRUDmethods.PUTRequest -->
